<?xml version="1.0" encoding="UTF-8"?>
<testsuite xmlns:xsi="http://www.w3.org/2001/XMLSchema-instance" xsi:noNamespaceSchemaLocation="https://maven.apache.org/surefire/maven-surefire-plugin/xsd/surefire-test-report-3.0.xsd" version="3.0" name="modelo.PedidoTest" time="0.167" tests="15" errors="0" skipped="0" failures="0">
  <properties>
[...]
</properties>
  <testcase name="testTotalNoEsCero" classname="modelo.PedidoTest" time="0.03">
    <system-out><![CDATA[Producto agregado: Libro
]]></system-out>
  </testcase>
  <testcase name="testPedidoSinProductosLanzaExcepcion" classname="modelo.PedidoTest" time="0.002"/>
  <testcase name="testClienteToString" classname="modelo.PedidoTest" time="0.004"/>
  <testcase name="testMostrarResumenConProductos" classname="modelo.PedidoTest" time="0.005">
    <system-out><![CDATA[Producto agregado: Libro
RESUMEN DEL PEDIDO #3
Cliente: Test
Correo: test@test.com
Direccion: Calle Test

Productos:
- Libro - Precio base: 50.0 euros (Fisico) - Envio: 5.0 euros - Total: 65.5 euros
TOTAL DEL PEDIDO: 65,50 euros
]]></system-out>
  </testcase>
  <testcase name="testCalcularTotalParametrizado(double, double, double)[1]" classname="modelo.PedidoTest" time="0.025">
    <system-out><![CDATA[Producto agregado: Producto
]]></system-out>
  </testcase>
  <testcase name="testCalcularTotalParametrizado(double, double, double)[2]" classname="modelo.PedidoTest" time="0.001">
    <system-out><![CDATA[Producto agregado: Producto
]]></system-out>
  </testcase>
  <testcase name="testCalcularTotalParametrizado(double, double, double)[3]" classname="modelo.PedidoTest" time="0.001">
    <system-out><![CDATA[Producto agregado: Producto
]]></system-out>
  </testcase>
  <testcase name="testCalcularTotalParametrizado(double, double, double)[4]" classname="modelo.PedidoTest" time="0.0">
    <system-out><![CDATA[Producto agregado: Producto
]]></system-out>
  </testcase>
  <testcase name="testCalcularTotalParametrizado(double, double, double)[5]" classname="modelo.PedidoTest" time="0.001">
    <system-out><![CDATA[Producto agregado: Producto
]]></system-out>
  </testcase>
  <testcase name="testPedidoConProductoDigital" classname="modelo.PedidoTest" time="0.001">
    <system-out><![CDATA[Producto agregado: Ebook
]]></system-out>
  </testcase>
  <testcase name="testNumeroPedido" classname="modelo.PedidoTest" time="0.001"/>
  <testcase name="testPedidoConMixProductos" classname="modelo.PedidoTest" time="0.0">
    <system-out><![CDATA[Producto agregado: Libro
Producto agregado: Ebook
]]></system-out>
  </testcase>
  <testcase name="testGetCliente" classname="modelo.PedidoTest" time="0.0"/>
  <testcase name="testPrecioNegativoLanzaExcepcion" classname="modelo.PedidoTest" time="0.001"/>
  <testcase name="testClienteGettersSetters" classname="modelo.PedidoTest" time="0.001"/>
</testsuite>